[0m11:37:06.405005 [debug] [MainThread]: Sending event: {'category': 'dbt', 'action': 'invocation', 'label': 'start', 'context': [<snowplow_tracker.self_describing_json.SelfDescribingJson object at 0x1054ec0b0>, <snowplow_tracker.self_describing_json.SelfDescribingJson object at 0x105798620>, <snowplow_tracker.self_describing_json.SelfDescribingJson object at 0x1057982c0>]}


============================== 11:37:06.407314 | 5fc6c409-fbb4-4f9d-9cd7-743b8ad297d9 ==============================
[0m11:37:06.407314 [info ] [MainThread]: Running with dbt=1.11.5
[0m11:37:06.407572 [debug] [MainThread]: running dbt with arguments {'introspect': 'True', 'partial_parse': 'True', 'target_path': 'None', 'fail_fast': 'False', 'use_experimental_parser': 'False', 'send_anonymous_usage_stats': 'True', 'static_parser': 'True', 'warn_error': 'None', 'debug': 'False', 'profiles_dir': '/Users/ryusukekimura/.dbt', 'log_cache_events': 'False', 'warn_error_options': 'WarnErrorOptionsV2(error=[], warn=[], silence=[])', 'empty': 'None', 'no_print': 'None', 'printer_width': '80', 'log_format': 'default', 'version_check': 'True', 'use_colors': 'True', 'cache_selected_only': 'False', 'quiet': 'False', 'invocation_command': 'dbt init', 'indirect_selection': 'eager', 'log_path': 'logs', 'write_json': 'True'}
[0m11:37:28.718534 [debug] [MainThread]: Starter project path: /Users/ryusukekimura/Documents/GitHub/dbt-tutorial/dbt_env/lib/python3.12/site-packages/dbt/include/starter_project
[0m11:37:28.722500 [info ] [MainThread]: 
Your new dbt project "dbt_tutorial" was created!

For more information on how to configure the profiles.yml file,
please consult the dbt documentation here:

  https://docs.getdbt.com/docs/configure-your-profile

One more thing:

Need help? Don't hesitate to reach out to us via GitHub issues or on Slack:

  https://community.getdbt.com/

Happy modeling!

[0m11:37:28.722710 [info ] [MainThread]: Setting up your profile.
[0m11:38:50.830158 [info ] [MainThread]: Profile dbt_tutorial written to /Users/ryusukekimura/.dbt/profiles.yml using target's profile_template.yml and your supplied values. Run 'dbt debug' to validate the connection.
[0m11:38:50.876013 [debug] [MainThread]: Resource report: {"command_name": "init", "command_success": true, "command_wall_clock_time": 104.4839, "process_in_blocks": "0", "process_kernel_time": 0.838205, "process_mem_max_rss": "372228096", "process_out_blocks": "0", "process_user_time": 2.591845}
[0m11:38:50.879152 [debug] [MainThread]: Command `dbt init` succeeded at 11:38:50.878917 after 104.49 seconds
[0m11:38:50.880371 [debug] [MainThread]: Sending event: {'category': 'dbt', 'action': 'invocation', 'label': 'end', 'context': [<snowplow_tracker.self_describing_json.SelfDescribingJson object at 0x1050d85f0>, <snowplow_tracker.self_describing_json.SelfDescribingJson object at 0x13afa8a70>, <snowplow_tracker.self_describing_json.SelfDescribingJson object at 0x13b247680>]}
[0m11:38:50.880918 [debug] [MainThread]: Flushing usage events
[0m11:38:52.054349 [debug] [MainThread]: An error was encountered while trying to flush usage events
[0m11:51:10.165921 [debug] [MainThread]: Sending event: {'category': 'dbt', 'action': 'invocation', 'label': 'start', 'context': [<snowplow_tracker.self_describing_json.SelfDescribingJson object at 0x11165cef0>, <snowplow_tracker.self_describing_json.SelfDescribingJson object at 0x111be9610>, <snowplow_tracker.self_describing_json.SelfDescribingJson object at 0x111be92e0>]}


============================== 11:51:10.169020 | 17d83a61-3a28-483f-90fe-a5ef372ec726 ==============================
[0m11:51:10.169020 [info ] [MainThread]: Running with dbt=1.11.5
[0m11:51:10.169316 [debug] [MainThread]: running dbt with arguments {'printer_width': '80', 'warn_error': 'None', 'debug': 'False', 'fail_fast': 'False', 'log_format': 'default', 'cache_selected_only': 'False', 'warn_error_options': 'WarnErrorOptionsV2(error=[], warn=[], silence=[])', 'empty': 'None', 'version_check': 'True', 'invocation_command': 'dbt debug', 'static_parser': 'True', 'introspect': 'True', 'log_path': 'logs', 'indirect_selection': 'eager', 'partial_parse': 'True', 'use_colors': 'True', 'no_print': 'None', 'target_path': 'None', 'quiet': 'False', 'profiles_dir': '/Users/ryusukekimura/.dbt', 'send_anonymous_usage_stats': 'True', 'use_experimental_parser': 'False', 'write_json': 'True', 'log_cache_events': 'False'}
[0m11:51:10.180297 [info ] [MainThread]: dbt version: 1.11.5
[0m11:51:10.180489 [info ] [MainThread]: python version: 3.12.8
[0m11:51:10.180597 [info ] [MainThread]: python path: /Users/ryusukekimura/Documents/GitHub/dbt-tutorial/dbt_env/bin/python3.12
[0m11:51:10.180699 [info ] [MainThread]: os info: macOS-15.7.3-arm64-arm-64bit
[0m11:51:13.272373 [info ] [MainThread]: Using profiles dir at /Users/ryusukekimura/.dbt
[0m11:51:13.272648 [info ] [MainThread]: Using profiles.yml file at /Users/ryusukekimura/.dbt/profiles.yml
[0m11:51:13.272778 [info ] [MainThread]: Using dbt_project.yml file at /Users/ryusukekimura/Documents/GitHub/dbt-tutorial/dbt_project.yml
[0m11:51:13.272887 [info ] [MainThread]: adapter type: bigquery
[0m11:51:13.272991 [info ] [MainThread]: adapter version: 1.11.0
[0m11:51:13.273098 [info ] [MainThread]: Configuration:
[0m11:51:13.273193 [info ] [MainThread]:   profiles.yml file [[32mOK found and valid[0m]
[0m11:51:13.273290 [info ] [MainThread]:   dbt_project.yml file [[31mERROR not found[0m]
[0m11:51:13.273384 [info ] [MainThread]: Required dependencies:
[0m11:51:13.273509 [debug] [MainThread]: Executing "git --help"
[0m11:51:13.303203 [debug] [MainThread]: STDOUT: "b"usage: git [-v | --version] [-h | --help] [-C <path>] [-c <name>=<value>]\n           [--exec-path[=<path>]] [--html-path] [--man-path] [--info-path]\n           [-p | --paginate | -P | --no-pager] [--no-replace-objects] [--bare]\n           [--git-dir=<path>] [--work-tree=<path>] [--namespace=<name>]\n           [--super-prefix=<path>] [--config-env=<name>=<envvar>]\n           <command> [<args>]\n\nThese are common Git commands used in various situations:\n\nstart a working area (see also: git help tutorial)\n   clone     Clone a repository into a new directory\n   init      Create an empty Git repository or reinitialize an existing one\n\nwork on the current change (see also: git help everyday)\n   add       Add file contents to the index\n   mv        Move or rename a file, a directory, or a symlink\n   restore   Restore working tree files\n   rm        Remove files from the working tree and from the index\n\nexamine the history and state (see also: git help revisions)\n   bisect    Use binary search to find the commit that introduced a bug\n   diff      Show changes between commits, commit and working tree, etc\n   grep      Print lines matching a pattern\n   log       Show commit logs\n   show      Show various types of objects\n   status    Show the working tree status\n\ngrow, mark and tweak your common history\n   branch    List, create, or delete branches\n   commit    Record changes to the repository\n   merge     Join two or more development histories together\n   rebase    Reapply commits on top of another base tip\n   reset     Reset current HEAD to the specified state\n   switch    Switch branches\n   tag       Create, list, delete or verify a tag object signed with GPG\n\ncollaborate (see also: git help workflows)\n   fetch     Download objects and refs from another repository\n   pull      Fetch from and integrate with another repository or a local branch\n   push      Update remote refs along with associated objects\n\n'git help -a' and 'git help -g' list available subcommands and some\nconcept guides. See 'git help <command>' or 'git help <concept>'\nto read about a specific subcommand or concept.\nSee 'git help git' for an overview of the system.\n""
[0m11:51:13.304046 [debug] [MainThread]: STDERR: "b''"
[0m11:51:13.304501 [info ] [MainThread]:  - git [[32mOK found[0m]

[0m11:51:13.304635 [info ] [MainThread]: Connection:
[0m11:51:13.304776 [info ] [MainThread]:   method: oauth
[0m11:51:13.304872 [info ] [MainThread]:   database: ryusuke-sandbox
[0m11:51:13.304966 [info ] [MainThread]:   execution_project: ryusuke-sandbox
[0m11:51:13.305065 [info ] [MainThread]:   schema: dbt_tutorial
[0m11:51:13.305158 [info ] [MainThread]:   location: US
[0m11:51:13.305247 [info ] [MainThread]:   priority: interactive
[0m11:51:13.305351 [info ] [MainThread]:   maximum_bytes_billed: None
[0m11:51:13.305440 [info ] [MainThread]:   impersonate_service_account: None
[0m11:51:13.305528 [info ] [MainThread]:   job_retry_deadline_seconds: None
[0m11:51:13.305614 [info ] [MainThread]:   job_retries: 1
[0m11:51:13.305700 [info ] [MainThread]:   job_creation_timeout_seconds: None
[0m11:51:13.305788 [info ] [MainThread]:   job_execution_timeout_seconds: 300
[0m11:51:13.305874 [info ] [MainThread]:   timeout_seconds: 300
[0m11:51:13.305961 [info ] [MainThread]:   client_id: None
[0m11:51:13.306045 [info ] [MainThread]:   token_uri: None
[0m11:51:13.306129 [info ] [MainThread]:   compute_region: None
[0m11:51:13.306215 [info ] [MainThread]:   dataproc_cluster_name: None
[0m11:51:13.306300 [info ] [MainThread]:   gcs_bucket: None
[0m11:51:13.306383 [info ] [MainThread]:   dataproc_batch: None
[0m11:51:13.306877 [info ] [MainThread]: Registered adapter: bigquery=1.11.0
[0m11:51:13.422402 [debug] [MainThread]: Acquiring new bigquery connection 'debug'
[0m11:51:13.422767 [debug] [MainThread]: On debug: select 1 as id
[0m11:51:13.422905 [debug] [MainThread]: Opening a new connection, currently in state init
[0m11:51:16.241167 [debug] [MainThread]: BigQuery adapter: Got an error when attempting to create a bigquery " "client: 'Runtime Error
  Failed to authenticate with supplied credentials
  error:
  Your default credentials were not found. To set up Application Default Credentials, see https://cloud.google.com/docs/authentication/external/set-up-adc for more information.'
[0m11:51:16.241583 [debug] [MainThread]: BigQuery adapter: Unhandled error while running:
select 1 as id
[0m11:51:16.241739 [debug] [MainThread]: BigQuery adapter: Database Error
  Runtime Error
    Failed to authenticate with supplied credentials
    error:
    Your default credentials were not found. To set up Application Default Credentials, see https://cloud.google.com/docs/authentication/external/set-up-adc for more information.
[0m11:51:16.241900 [info ] [MainThread]:   Connection test: [[31mERROR[0m]

[0m11:51:16.242076 [info ] [MainThread]: [31m2 checks failed:[0m
[0m11:51:16.242176 [info ] [MainThread]: Project loading failed for the following reason:
 project path </Users/ryusukekimura/Documents/GitHub/dbt-tutorial/dbt_project.yml> not found

[0m11:51:16.242273 [info ] [MainThread]: dbt was unable to connect to the specified database.
The database returned the following error:

  >'NoneType' object has no attribute 'close'

Check your database credentials and try again. For more information, visit:
https://docs.getdbt.com/docs/configure-your-profile


[0m11:51:16.244720 [debug] [MainThread]: Resource report: {"command_name": "debug", "command_success": false, "command_wall_clock_time": 6.10989, "process_in_blocks": "0", "process_kernel_time": 0.967748, "process_mem_max_rss": "373751808", "process_out_blocks": "0", "process_user_time": 2.632328}
[0m11:51:16.245076 [debug] [MainThread]: Command `dbt debug` failed at 11:51:16.245024 after 6.11 seconds
[0m11:51:16.245262 [debug] [MainThread]: Sending event: {'category': 'dbt', 'action': 'invocation', 'label': 'end', 'context': [<snowplow_tracker.self_describing_json.SelfDescribingJson object at 0x14664ba40>, <snowplow_tracker.self_describing_json.SelfDescribingJson object at 0x160045bb0>, <snowplow_tracker.self_describing_json.SelfDescribingJson object at 0x1464192b0>]}
[0m11:51:16.245437 [debug] [MainThread]: Flushing usage events
[0m11:51:17.134239 [debug] [MainThread]: An error was encountered while trying to flush usage events
[0m12:05:40.210870 [debug] [MainThread]: Sending event: {'category': 'dbt', 'action': 'invocation', 'label': 'start', 'context': [<snowplow_tracker.self_describing_json.SelfDescribingJson object at 0x106ea0800>, <snowplow_tracker.self_describing_json.SelfDescribingJson object at 0x1074f13a0>, <snowplow_tracker.self_describing_json.SelfDescribingJson object at 0x1074f1040>]}


============================== 12:05:40.213516 | 626b3ea5-111c-4bff-a768-31c18262f900 ==============================
[0m12:05:40.213516 [info ] [MainThread]: Running with dbt=1.11.5
[0m12:05:40.213778 [debug] [MainThread]: running dbt with arguments {'cache_selected_only': 'False', 'printer_width': '80', 'send_anonymous_usage_stats': 'True', 'warn_error': 'None', 'use_experimental_parser': 'False', 'static_parser': 'True', 'log_cache_events': 'False', 'warn_error_options': 'WarnErrorOptionsV2(error=[], warn=[], silence=[])', 'empty': 'None', 'use_colors': 'True', 'fail_fast': 'False', 'target_path': 'None', 'write_json': 'True', 'quiet': 'False', 'profiles_dir': '/Users/ryusukekimura/.dbt', 'invocation_command': 'dbt debug', 'log_format': 'default', 'log_path': 'logs', 'debug': 'False', 'version_check': 'True', 'indirect_selection': 'eager', 'partial_parse': 'True', 'introspect': 'True', 'no_print': 'None'}
[0m12:05:40.221137 [info ] [MainThread]: dbt version: 1.11.5
[0m12:05:40.221352 [info ] [MainThread]: python version: 3.12.8
[0m12:05:40.221493 [info ] [MainThread]: python path: /Users/ryusukekimura/Documents/GitHub/dbt-tutorial/dbt_env/bin/python3.12
[0m12:05:40.221602 [info ] [MainThread]: os info: macOS-15.7.3-arm64-arm-64bit
[0m12:05:43.172361 [info ] [MainThread]: Using profiles dir at /Users/ryusukekimura/.dbt
[0m12:05:43.172636 [info ] [MainThread]: Using profiles.yml file at /Users/ryusukekimura/.dbt/profiles.yml
[0m12:05:43.172767 [info ] [MainThread]: Using dbt_project.yml file at /Users/ryusukekimura/Documents/GitHub/dbt-tutorial/dbt_project.yml
[0m12:05:43.172877 [info ] [MainThread]: adapter type: bigquery
[0m12:05:43.172981 [info ] [MainThread]: adapter version: 1.11.0
[0m12:05:43.173087 [info ] [MainThread]: Configuration:
[0m12:05:43.173185 [info ] [MainThread]:   profiles.yml file [[32mOK found and valid[0m]
[0m12:05:43.173283 [info ] [MainThread]:   dbt_project.yml file [[31mERROR not found[0m]
[0m12:05:43.173379 [info ] [MainThread]: Required dependencies:
[0m12:05:43.173504 [debug] [MainThread]: Executing "git --help"
[0m12:05:43.196691 [debug] [MainThread]: STDOUT: "b"usage: git [-v | --version] [-h | --help] [-C <path>] [-c <name>=<value>]\n           [--exec-path[=<path>]] [--html-path] [--man-path] [--info-path]\n           [-p | --paginate | -P | --no-pager] [--no-replace-objects] [--bare]\n           [--git-dir=<path>] [--work-tree=<path>] [--namespace=<name>]\n           [--super-prefix=<path>] [--config-env=<name>=<envvar>]\n           <command> [<args>]\n\nThese are common Git commands used in various situations:\n\nstart a working area (see also: git help tutorial)\n   clone     Clone a repository into a new directory\n   init      Create an empty Git repository or reinitialize an existing one\n\nwork on the current change (see also: git help everyday)\n   add       Add file contents to the index\n   mv        Move or rename a file, a directory, or a symlink\n   restore   Restore working tree files\n   rm        Remove files from the working tree and from the index\n\nexamine the history and state (see also: git help revisions)\n   bisect    Use binary search to find the commit that introduced a bug\n   diff      Show changes between commits, commit and working tree, etc\n   grep      Print lines matching a pattern\n   log       Show commit logs\n   show      Show various types of objects\n   status    Show the working tree status\n\ngrow, mark and tweak your common history\n   branch    List, create, or delete branches\n   commit    Record changes to the repository\n   merge     Join two or more development histories together\n   rebase    Reapply commits on top of another base tip\n   reset     Reset current HEAD to the specified state\n   switch    Switch branches\n   tag       Create, list, delete or verify a tag object signed with GPG\n\ncollaborate (see also: git help workflows)\n   fetch     Download objects and refs from another repository\n   pull      Fetch from and integrate with another repository or a local branch\n   push      Update remote refs along with associated objects\n\n'git help -a' and 'git help -g' list available subcommands and some\nconcept guides. See 'git help <command>' or 'git help <concept>'\nto read about a specific subcommand or concept.\nSee 'git help git' for an overview of the system.\n""
[0m12:05:43.197212 [debug] [MainThread]: STDERR: "b''"
[0m12:05:43.197387 [info ] [MainThread]:  - git [[32mOK found[0m]

[0m12:05:43.197525 [info ] [MainThread]: Connection:
[0m12:05:43.197666 [info ] [MainThread]:   method: oauth
[0m12:05:43.197774 [info ] [MainThread]:   database: ryusuke-sandbox
[0m12:05:43.197874 [info ] [MainThread]:   execution_project: ryusuke-sandbox
[0m12:05:43.197968 [info ] [MainThread]:   schema: dbt_tutorial
[0m12:05:43.198060 [info ] [MainThread]:   location: US
[0m12:05:43.198152 [info ] [MainThread]:   priority: interactive
[0m12:05:43.198252 [info ] [MainThread]:   maximum_bytes_billed: None
[0m12:05:43.198343 [info ] [MainThread]:   impersonate_service_account: None
[0m12:05:43.198433 [info ] [MainThread]:   job_retry_deadline_seconds: None
[0m12:05:43.198525 [info ] [MainThread]:   job_retries: 1
[0m12:05:43.198613 [info ] [MainThread]:   job_creation_timeout_seconds: None
[0m12:05:43.198707 [info ] [MainThread]:   job_execution_timeout_seconds: 300
[0m12:05:43.198797 [info ] [MainThread]:   timeout_seconds: 300
[0m12:05:43.198886 [info ] [MainThread]:   client_id: None
[0m12:05:43.198974 [info ] [MainThread]:   token_uri: None
[0m12:05:43.199063 [info ] [MainThread]:   compute_region: None
[0m12:05:43.199149 [info ] [MainThread]:   dataproc_cluster_name: None
[0m12:05:43.199237 [info ] [MainThread]:   gcs_bucket: None
[0m12:05:43.199325 [info ] [MainThread]:   dataproc_batch: None
[0m12:05:43.199602 [info ] [MainThread]: Registered adapter: bigquery=1.11.0
[0m12:05:43.308274 [debug] [MainThread]: Acquiring new bigquery connection 'debug'
[0m12:05:43.308548 [debug] [MainThread]: On debug: select 1 as id
[0m12:05:43.308682 [debug] [MainThread]: Opening a new connection, currently in state init
[0m12:05:44.758364 [debug] [MainThread]: BigQuery adapter: https://console.cloud.google.com/bigquery?project=ryusuke-sandbox&j=bq:US:9f4c385b-4a7b-4350-9504-a7c53c6a914b&page=queryresults
[0m12:05:45.092096 [debug] [MainThread]: SQL status: OK in 0.333 seconds
[0m12:05:45.461432 [info ] [MainThread]:   Connection test: [[32mOK connection ok[0m]

[0m12:05:45.462296 [info ] [MainThread]: [31m1 check failed:[0m
[0m12:05:45.462806 [info ] [MainThread]: Project loading failed for the following reason:
 project path </Users/ryusukekimura/Documents/GitHub/dbt-tutorial/dbt_project.yml> not found

[0m12:05:45.470013 [debug] [MainThread]: Resource report: {"command_name": "debug", "command_success": false, "command_wall_clock_time": 5.288291, "process_in_blocks": "0", "process_kernel_time": 0.928386, "process_mem_max_rss": "382566400", "process_out_blocks": "0", "process_user_time": 2.523263}
[0m12:05:45.470740 [debug] [MainThread]: Command `dbt debug` failed at 12:05:45.470601 after 5.29 seconds
[0m12:05:45.471195 [debug] [MainThread]: Connection 'debug' was properly closed.
[0m12:05:45.471580 [debug] [MainThread]: Sending event: {'category': 'dbt', 'action': 'invocation', 'label': 'end', 'context': [<snowplow_tracker.self_describing_json.SelfDescribingJson object at 0x1074f13d0>, <snowplow_tracker.self_describing_json.SelfDescribingJson object at 0x1074b9fa0>, <snowplow_tracker.self_describing_json.SelfDescribingJson object at 0x119f4ef60>]}
[0m12:05:45.472055 [debug] [MainThread]: Flushing usage events
[0m12:05:46.223227 [debug] [MainThread]: An error was encountered while trying to flush usage events
